SpotifyClient - host bfzfivlfrs.spotilocal.com open ports [ 4370 ]
SpotifyClient - testing port: [4370]
client connected
first connection?
true
{"oauthId":"142005079","oauthType":"twitch","name":"song2stream","email":"robertlaporte@gmail.com","profile_image_url":"","access_token":"nqbni54mrryutf20thro6qd88h02vq","created":"2017-01-06T22:31:29.378Z","_id":"58701ac1c17a6af16782162f","__v":"0"}
In Bot Server
song2stream
[11:30] info: Connecting to irc-ws.chat.twitch.tv on port 80..
[11:30] info: Sending authentication to server..
[11:30] info: Connected to server.
connected
address: irc-ws.chat.twitch.tv
port: 80
connecting bot from inside server
[11:30] info: Joined #song2stream
{ version: 9,
  client_version: '1.0.45.186.g3b5036d6',
  running: false }
SpotifyClient - listening on port [4370]
SpotifyClient - open ports
 [ { port: 4370, error: undefined } ] [ [ '0', 4370 ] ]
SpotifyClient - connecting to port [4370]...
client connected to host bfzfivlfrs.spotilocal.com:4370
is offline?: false
status
{ error: { type: '4110', message: 'No user logged in' },
  version: 9,
  client_version: '1.0.45.186.g3b5036d6',
  running: false }
status error
false
is offline?: true
status
{ error: { type: '4110', message: 'No user logged in' },
  version: 9,
  client_version: '1.0.45.186.g3b5036d6',
  running: false }
status error
false
is offline?: true
status
{ error: { type: '4110', message: 'No user logged in' },
  version: 9,
  client_version: '1.0.45.186.g3b5036d6',
  running: false }
status error
false
is offline?: true
status
{ error: { type: '4110', message: 'No user logged in' },
  version: 9,
  client_version: '1.0.45.186.g3b5036d6',
  running: false }
status error
false
is offline?: true
status
{ error: 
   { type: '4107',
     message: 'Invalid Csrf token, csrf_hash=\'da39a3ee5e6b4b0d3255bfef95601890afd80709\'' },
  version: 9,
  client_version: '1.0.45.186.g3b5036d6',
  running: true }
status error
true
bad bad CRFS Token
SpotifyClient - using
 { lowPort: 4370,
  highPort: 4379,
  timeout: 500,
  all: true,
  debug: true,
  host: 'bfzfivlfrs.spotilocal.com' }
SpotifyClient - host ulwamtvycu.spotilocal.com open ports [ 4370, 4371 ]
SpotifyClient - testing port: [4370]
SpotifyClient - testing port: [4371]
{ version: 9, client_version: '1.0.45.186.g3b5036d6' }
SpotifyClient - listening on port [4371]
{ version: 9, client_version: '1.0.45.186.g3b5036d6' }
SpotifyClient - listening on port [4370]
SpotifyClient - open ports
 [ { port: 4370, error: undefined },
  { port: 4371, error: undefined } ] [ [ '0', 4370 ], [ '1', 4371 ] ]
SpotifyClient - connecting to port [4370]...
client connected to host ulwamtvycu.spotilocal.com:4370
is offline?: true
status
{ version: 9,
  client_version: '1.0.45.186.g3b5036d6',
  playing: false,
  shuffle: false,
  repeat: false,
  play_enabled: true,
  prev_enabled: false,
  next_enabled: true,
  track: 
   { track_resource: 
      { name: 'Reverie (feat. King Deco)',
        uri: 'spotify:track:5xBw4KxEiFQwJ27U1Woy9l',
        location: [Object] },
     artist_resource: 
      { name: 'Illenium',
        uri: 'spotify:artist:45eNHdiiabvmbp4erw26rg',
        location: [Object] },
     album_resource: 
      { name: 'Ashes',
        uri: 'spotify:album:1aNWsfl6osnt0NO7Kubknx',
        location: [Object] },
     length: 300,
     track_type: 'normal' },
  context: {},
  playing_position: 142.138,
  server_time: 1483983028,
  volume: 0.74999619,
  online: true,
  open_graph_state: { private_session: false, posting_disabled: true },
  running: true }
Current Track:Reverie (feat. King Deco)
is offline?: false
status
{ version: 9,
  client_version: '1.0.45.186.g3b5036d6',
  playing: false,
  shuffle: false,
  repeat: false,
  play_enabled: true,
  prev_enabled: false,
  next_enabled: true,
  track: 
   { track_resource: 
      { name: 'Reverie (feat. King Deco)',
        uri: 'spotify:track:5xBw4KxEiFQwJ27U1Woy9l',
        location: [Object] },
     artist_resource: 
      { name: 'Illenium',
        uri: 'spotify:artist:45eNHdiiabvmbp4erw26rg',
        location: [Object] },
     album_resource: 
      { name: 'Ashes',
        uri: 'spotify:album:1aNWsfl6osnt0NO7Kubknx',
        location: [Object] },
     length: 300,
     track_type: 'normal' },
  context: {},
  playing_position: 142.138,
  server_time: 1483983029,
  volume: 0.74999619,
  online: true,
  open_graph_state: { private_session: false, posting_disabled: true },
  running: true }
Current Track:Reverie (feat. King Deco)
is offline?: false
status
{ version: 9,
  client_version: '1.0.45.186.g3b5036d6',
  playing: false,
  shuffle: false,
  repeat: false,
  play_enabled: true,
  prev_enabled: false,
  next_enabled: true,
  track: 
   { track_resource: 
      { name: 'Reverie (feat. King Deco)',
        uri: 'spotify:track:5xBw4KxEiFQwJ27U1Woy9l',
        location: [Object] },
     artist_resource: 
      { name: 'Illenium',
        uri: 'spotify:artist:45eNHdiiabvmbp4erw26rg',
        location: [Object] },
     album_resource: 
      { name: 'Ashes',
        uri: 'spotify:album:1aNWsfl6osnt0NO7Kubknx',
        location: [Object] },
     length: 300,
     track_type: 'normal' },
  context: {},
  playing_position: 142.138,
  server_time: 1483983033,
  volume: 0.74999619,
  online: true,
  open_graph_state: { private_session: false, posting_disabled: true },
  running: true }
Current Track:Reverie (feat. King Deco)
is offline?: false
status
{ version: 9,
  client_version: '1.0.45.186.g3b5036d6',
  playing: false,
  shuffle: false,
  repeat: false,
  play_enabled: true,
  prev_enabled: false,
  next_enabled: true,
  track: 
   { track_resource: 
      { name: 'Reverie (feat. King Deco)',
        uri: 'spotify:track:5xBw4KxEiFQwJ27U1Woy9l',
        location: [Object] },
     artist_resource: 
      { name: 'Illenium',
        uri: 'spotify:artist:45eNHdiiabvmbp4erw26rg',
        location: [Object] },
     album_resource: 
      { name: 'Ashes',
        uri: 'spotify:album:1aNWsfl6osnt0NO7Kubknx',
        location: [Object] },
     length: 300,
     track_type: 'normal' },
  context: {},
  playing_position: 142.138,
  server_time: 1483983037,
  volume: 0.74999619,
  online: true,
  open_graph_state: { private_session: false, posting_disabled: true },
  running: true }
Current Track:Reverie (feat. King Deco)
is offline?: false
status
{ version: 9,
  client_version: '1.0.45.186.g3b5036d6',
  playing: false,
  shuffle: false,
  repeat: false,
  play_enabled: false,
  prev_enabled: false,
  next_enabled: false,
  track: {},
  context: {},
  playing_position: 0,
  server_time: 1483983041,
  volume: 0.74999619,
  online: true,
  open_graph_state: { private_session: false, posting_disabled: true },
  running: true }
is offline?: true
status
{ error: { type: '4110', message: 'No user logged in' },
  version: 9,
  client_version: '1.0.45.186.g3b5036d6',
  running: false }
status error
false
is offline?: true
status
{ version: 9,
  client_version: '1.0.45.186.g3b5036d6',
  playing: false,
  shuffle: false,
  repeat: false,
  play_enabled: true,
  prev_enabled: false,
  next_enabled: true,
  track: 
   { track_resource: 
      { name: 'Reverie (feat. King Deco)',
        uri: 'spotify:track:5xBw4KxEiFQwJ27U1Woy9l',
        location: [Object] },
     artist_resource: 
      { name: 'Illenium',
        uri: 'spotify:artist:45eNHdiiabvmbp4erw26rg',
        location: [Object] },
     album_resource: 
      { name: 'Ashes',
        uri: 'spotify:album:1aNWsfl6osnt0NO7Kubknx',
        location: [Object] },
     length: 300,
     track_type: 'normal' },
  context: {},
  playing_position: 142.138,
  server_time: 1483983049,
  volume: 0.74999619,
  online: true,
  open_graph_state: { private_session: false, posting_disabled: true },
  running: true }
Current Track:Reverie (feat. King Deco)
is offline?: false
status
{ version: 9,
  client_version: '1.0.45.186.g3b5036d6',
  playing: false,
  shuffle: false,
  repeat: false,
  play_enabled: true,
  prev_enabled: false,
  next_enabled: true,
  track: 
   { track_resource: 
      { name: 'Reverie (feat. King Deco)',
        uri: 'spotify:track:5xBw4KxEiFQwJ27U1Woy9l',
        location: [Object] },
     artist_resource: 
      { name: 'Illenium',
        uri: 'spotify:artist:45eNHdiiabvmbp4erw26rg',
        location: [Object] },
     album_resource: 
      { name: 'Ashes',
        uri: 'spotify:album:1aNWsfl6osnt0NO7Kubknx',
        location: [Object] },
     length: 300,
     track_type: 'normal' },
  context: {},
  playing_position: 142.138,
  server_time: 1483983053,
  volume: 0.74999619,
  online: true,
  open_graph_state: { private_session: false, posting_disabled: true },
  running: true }
Current Track:Reverie (feat. King Deco)
is offline?: false
status
{ version: 9,
  client_version: '1.0.45.186.g3b5036d6',
  playing: false,
  shuffle: false,
  repeat: false,
  play_enabled: true,
  prev_enabled: false,
  next_enabled: true,
  track: 
   { track_resource: 
      { name: 'Reverie (feat. King Deco)',
        uri: 'spotify:track:5xBw4KxEiFQwJ27U1Woy9l',
        location: [Object] },
     artist_resource: 
      { name: 'Illenium',
        uri: 'spotify:artist:45eNHdiiabvmbp4erw26rg',
        location: [Object] },
     album_resource: 
      { name: 'Ashes',
        uri: 'spotify:album:1aNWsfl6osnt0NO7Kubknx',
        location: [Object] },
     length: 300,
     track_type: 'normal' },
  context: {},
  playing_position: 142.138,
  server_time: 1483983057,
  volume: 0.74999619,
  online: true,
  open_graph_state: { private_session: false, posting_disabled: true },
  running: true }
Current Track:Reverie (feat. King Deco)
is offline?: false
status
{ version: 9,
  client_version: '1.0.45.186.g3b5036d6',
  playing: false,
  shuffle: false,
  repeat: false,
  play_enabled: true,
  prev_enabled: false,
  next_enabled: true,
  track: 
   { track_resource: 
      { name: 'Reverie (feat. King Deco)',
        uri: 'spotify:track:5xBw4KxEiFQwJ27U1Woy9l',
        location: [Object] },
     artist_resource: 
      { name: 'Illenium',
        uri: 'spotify:artist:45eNHdiiabvmbp4erw26rg',
        location: [Object] },
     album_resource: 
      { name: 'Ashes',
        uri: 'spotify:album:1aNWsfl6osnt0NO7Kubknx',
        location: [Object] },
     length: 300,
     track_type: 'normal' },
  context: {},
  playing_position: 142.138,
  server_time: 1483983061,
  volume: 0.74999619,
  online: true,
  open_graph_state: { private_session: false, posting_disabled: true },
  running: true }
Current Track:Reverie (feat. King Deco)
is offline?: false
status
{ version: 9,
  client_version: '1.0.45.186.g3b5036d6',
  playing: false,
  shuffle: false,
  repeat: false,
  play_enabled: false,
  prev_enabled: false,
  next_enabled: false,
  track: {},
  context: {},
  playing_position: 0,
  server_time: 1483983065,
  volume: 0.74999619,
  online: true,
  open_graph_state: { private_session: false, posting_disabled: true },
  running: true }
is offline?: true
status
{ error: { type: '4110', message: 'No user logged in' },
  version: 9,
  client_version: '1.0.45.186.g3b5036d6',
  running: false }
status error
false
is offline?: true
status
{ error: { type: '4110', message: 'No user logged in' },
  version: 9,
  client_version: '1.0.45.186.g3b5036d6',
  running: false }
status error
false
is offline?: true
status
{ error: { type: '4110', message: 'No user logged in' },
  version: 9,
  client_version: '1.0.45.186.g3b5036d6',
  running: true }
status error
true
is offline?: true
status
{ version: 9,
  client_version: '1.0.45.186.g3b5036d6',
  playing: false,
  shuffle: false,
  repeat: false,
  play_enabled: true,
  prev_enabled: false,
  next_enabled: true,
  track: 
   { track_resource: 
      { name: 'Reverie (feat. King Deco)',
        uri: 'spotify:track:5xBw4KxEiFQwJ27U1Woy9l',
        location: [Object] },
     artist_resource: 
      { name: 'Illenium',
        uri: 'spotify:artist:45eNHdiiabvmbp4erw26rg',
        location: [Object] },
     album_resource: 
      { name: 'Ashes',
        uri: 'spotify:album:1aNWsfl6osnt0NO7Kubknx',
        location: [Object] },
     length: 300,
     track_type: 'normal' },
  context: {},
  playing_position: 142.138,
  server_time: 1483983081,
  volume: 0.74999619,
  online: true,
  open_graph_state: { private_session: false, posting_disabled: true },
  running: true }
Current Track:Reverie (feat. King Deco)
is offline?: false
status
{ version: 9,
  client_version: '1.0.45.186.g3b5036d6',
  playing: false,
  shuffle: false,
  repeat: false,
  play_enabled: true,
  prev_enabled: false,
  next_enabled: true,
  track: 
   { track_resource: 
      { name: 'Reverie (feat. King Deco)',
        uri: 'spotify:track:5xBw4KxEiFQwJ27U1Woy9l',
        location: [Object] },
     artist_resource: 
      { name: 'Illenium',
        uri: 'spotify:artist:45eNHdiiabvmbp4erw26rg',
        location: [Object] },
     album_resource: 
      { name: 'Ashes',
        uri: 'spotify:album:1aNWsfl6osnt0NO7Kubknx',
        location: [Object] },
     length: 300,
     track_type: 'normal' },
  context: {},
  playing_position: 142.138,
  server_time: 1483983085,
  volume: 0.74999619,
  online: true,
  open_graph_state: { private_session: false, posting_disabled: true },
  running: true }
Current Track:Reverie (feat. King Deco)
is offline?: false
status
{ version: 9,
  client_version: '1.0.45.186.g3b5036d6',
  playing: false,
  shuffle: false,
  repeat: false,
  play_enabled: true,
  prev_enabled: false,
  next_enabled: true,
  track: 
   { track_resource: 
      { name: 'Reverie (feat. King Deco)',
        uri: 'spotify:track:5xBw4KxEiFQwJ27U1Woy9l',
        location: [Object] },
     artist_resource: 
      { name: 'Illenium',
        uri: 'spotify:artist:45eNHdiiabvmbp4erw26rg',
        location: [Object] },
     album_resource: 
      { name: 'Ashes',
        uri: 'spotify:album:1aNWsfl6osnt0NO7Kubknx',
        location: [Object] },
     length: 300,
     track_type: 'normal' },
  context: {},
  playing_position: 142.138,
  server_time: 1483983089,
  volume: 0.74999619,
  online: true,
  open_graph_state: { private_session: false, posting_disabled: true },
  running: true }
Current Track:Reverie (feat. King Deco)
is offline?: false
status
{ version: 9,
  client_version: '1.0.45.186.g3b5036d6',
  playing: false,
  shuffle: false,
  repeat: false,
  play_enabled: true,
  prev_enabled: false,
  next_enabled: true,
  track: 
   { track_resource: 
      { name: 'Reverie (feat. King Deco)',
        uri: 'spotify:track:5xBw4KxEiFQwJ27U1Woy9l',
        location: [Object] },
     artist_resource: 
      { name: 'Illenium',
        uri: 'spotify:artist:45eNHdiiabvmbp4erw26rg',
        location: [Object] },
     album_resource: 
      { name: 'Ashes',
        uri: 'spotify:album:1aNWsfl6osnt0NO7Kubknx',
        location: [Object] },
     length: 300,
     track_type: 'normal' },
  context: {},
  playing_position: 142.138,
  server_time: 1483983093,
  volume: 0.74999619,
  online: true,
  open_graph_state: { private_session: false, posting_disabled: true },
  running: true }
Current Track:Reverie (feat. King Deco)
is offline?: false
status
{ version: 9,
  client_version: '1.0.45.186.g3b5036d6',
  playing: false,
  shuffle: false,
  repeat: false,
  play_enabled: true,
  prev_enabled: false,
  next_enabled: true,
  track: 
   { track_resource: 
      { name: 'Reverie (feat. King Deco)',
        uri: 'spotify:track:5xBw4KxEiFQwJ27U1Woy9l',
        location: [Object] },
     artist_resource: 
      { name: 'Illenium',
        uri: 'spotify:artist:45eNHdiiabvmbp4erw26rg',
        location: [Object] },
     album_resource: 
      { name: 'Ashes',
        uri: 'spotify:album:1aNWsfl6osnt0NO7Kubknx',
        location: [Object] },
     length: 300,
     track_type: 'normal' },
  context: {},
  playing_position: 142.138,
  server_time: 1483983098,
  volume: 0.74999619,
  online: true,
  open_graph_state: { private_session: false, posting_disabled: true },
  running: true }
Current Track:Reverie (feat. King Deco)
is offline?: false
status
{ version: 9,
  client_version: '1.0.45.186.g3b5036d6',
  playing: false,
  shuffle: false,
  repeat: false,
  play_enabled: true,
  prev_enabled: false,
  next_enabled: true,
  track: 
   { track_resource: 
      { name: 'Reverie (feat. King Deco)',
        uri: 'spotify:track:5xBw4KxEiFQwJ27U1Woy9l',
        location: [Object] },
     artist_resource: 
      { name: 'Illenium',
        uri: 'spotify:artist:45eNHdiiabvmbp4erw26rg',
        location: [Object] },
     album_resource: 
      { name: 'Ashes',
        uri: 'spotify:album:1aNWsfl6osnt0NO7Kubknx',
        location: [Object] },
     length: 300,
     track_type: 'normal' },
  context: {},
  playing_position: 142.138,
  server_time: 1483983102,
  volume: 0.74999619,
  online: true,
  open_graph_state: { private_session: false, posting_disabled: true },
  running: true }
Current Track:Reverie (feat. King Deco)
is offline?: false
status
{ version: 9,
  client_version: '1.0.45.186.g3b5036d6',
  playing: false,
  shuffle: false,
  repeat: false,
  play_enabled: true,
  prev_enabled: false,
  next_enabled: true,
  track: 
   { track_resource: 
      { name: 'Reverie (feat. King Deco)',
        uri: 'spotify:track:5xBw4KxEiFQwJ27U1Woy9l',
        location: [Object] },
     artist_resource: 
      { name: 'Illenium',
        uri: 'spotify:artist:45eNHdiiabvmbp4erw26rg',
        location: [Object] },
     album_resource: 
      { name: 'Ashes',
        uri: 'spotify:album:1aNWsfl6osnt0NO7Kubknx',
        location: [Object] },
     length: 300,
     track_type: 'normal' },
  context: {},
  playing_position: 142.138,
  server_time: 1483983106,
  volume: 0.74999619,
  online: true,
  open_graph_state: { private_session: false, posting_disabled: true },
  running: true }
Current Track:Reverie (feat. King Deco)
is offline?: false
status
{ version: 9,
  client_version: '1.0.45.186.g3b5036d6',
  playing: false,
  shuffle: false,
  repeat: false,
  play_enabled: true,
  prev_enabled: false,
  next_enabled: true,
  track: 
   { track_resource: 
      { name: 'Reverie (feat. King Deco)',
        uri: 'spotify:track:5xBw4KxEiFQwJ27U1Woy9l',
        location: [Object] },
     artist_resource: 
      { name: 'Illenium',
        uri: 'spotify:artist:45eNHdiiabvmbp4erw26rg',
        location: [Object] },
     album_resource: 
      { name: 'Ashes',
        uri: 'spotify:album:1aNWsfl6osnt0NO7Kubknx',
        location: [Object] },
     length: 300,
     track_type: 'normal' },
  context: {},
  playing_position: 142.138,
  server_time: 1483983110,
  volume: 0.74999619,
  online: true,
  open_graph_state: { private_session: false, posting_disabled: true },
  running: true }
Current Track:Reverie (feat. King Deco)
is offline?: false
status
{ version: 9,
  client_version: '1.0.45.186.g3b5036d6',
  playing: false,
  shuffle: false,
  repeat: false,
  play_enabled: true,
  prev_enabled: false,
  next_enabled: true,
  track: 
   { track_resource: 
      { name: 'Reverie (feat. King Deco)',
        uri: 'spotify:track:5xBw4KxEiFQwJ27U1Woy9l',
        location: [Object] },
     artist_resource: 
      { name: 'Illenium',
        uri: 'spotify:artist:45eNHdiiabvmbp4erw26rg',
        location: [Object] },
     album_resource: 
      { name: 'Ashes',
        uri: 'spotify:album:1aNWsfl6osnt0NO7Kubknx',
        location: [Object] },
     length: 300,
     track_type: 'normal' },
  context: {},
  playing_position: 142.138,
  server_time: 1483983114,
  volume: 0.74999619,
  online: true,
  open_graph_state: { private_session: false, posting_disabled: true },
  running: true }
Current Track:Reverie (feat. King Deco)
is offline?: false
status
{ version: 9,
  client_version: '1.0.45.186.g3b5036d6',
  playing: false,
  shuffle: false,
  repeat: false,
  play_enabled: true,
  prev_enabled: false,
  next_enabled: true,
  track: 
   { track_resource: 
      { name: 'Reverie (feat. King Deco)',
        uri: 'spotify:track:5xBw4KxEiFQwJ27U1Woy9l',
        location: [Object] },
     artist_resource: 
      { name: 'Illenium',
        uri: 'spotify:artist:45eNHdiiabvmbp4erw26rg',
        location: [Object] },
     album_resource: 
      { name: 'Ashes',
        uri: 'spotify:album:1aNWsfl6osnt0NO7Kubknx',
        location: [Object] },
     length: 300,
     track_type: 'normal' },
  context: {},
  playing_position: 142.138,
  server_time: 1483983118,
  volume: 0.74999619,
  online: true,
  open_graph_state: { private_session: false, posting_disabled: true },
  running: true }
Current Track:Reverie (feat. King Deco)
is offline?: false
status
{ version: 9,
  client_version: '1.0.45.186.g3b5036d6',
  playing: false,
  shuffle: false,
  repeat: false,
  play_enabled: true,
  prev_enabled: false,
  next_enabled: true,
  track: 
   { track_resource: 
      { name: 'Reverie (feat. King Deco)',
        uri: 'spotify:track:5xBw4KxEiFQwJ27U1Woy9l',
        location: [Object] },
     artist_resource: 
      { name: 'Illenium',
        uri: 'spotify:artist:45eNHdiiabvmbp4erw26rg',
        location: [Object] },
     album_resource: 
      { name: 'Ashes',
        uri: 'spotify:album:1aNWsfl6osnt0NO7Kubknx',
        location: [Object] },
     length: 300,
     track_type: 'normal' },
  context: {},
  playing_position: 142.138,
  server_time: 1483983122,
  volume: 0.74999619,
  online: true,
  open_graph_state: { private_session: false, posting_disabled: true },
  running: true }
Current Track:Reverie (feat. King Deco)
is offline?: false
status
{ version: 9,
  client_version: '1.0.45.186.g3b5036d6',
  playing: false,
  shuffle: false,
  repeat: false,
  play_enabled: true,
  prev_enabled: false,
  next_enabled: true,
  track: 
   { track_resource: 
      { name: 'Reverie (feat. King Deco)',
        uri: 'spotify:track:5xBw4KxEiFQwJ27U1Woy9l',
        location: [Object] },
     artist_resource: 
      { name: 'Illenium',
        uri: 'spotify:artist:45eNHdiiabvmbp4erw26rg',
        location: [Object] },
     album_resource: 
      { name: 'Ashes',
        uri: 'spotify:album:1aNWsfl6osnt0NO7Kubknx',
        location: [Object] },
     length: 300,
     track_type: 'normal' },
  context: {},
  playing_position: 142.138,
  server_time: 1483983127,
  volume: 0.74999619,
  online: true,
  open_graph_state: { private_session: false, posting_disabled: true },
  running: true }
Current Track:Reverie (feat. King Deco)
is offline?: false
status
{ version: 9,
  client_version: '1.0.45.186.g3b5036d6',
  playing: false,
  shuffle: false,
  repeat: false,
  play_enabled: true,
  prev_enabled: false,
  next_enabled: true,
  track: 
   { track_resource: 
      { name: 'Reverie (feat. King Deco)',
        uri: 'spotify:track:5xBw4KxEiFQwJ27U1Woy9l',
        location: [Object] },
     artist_resource: 
      { name: 'Illenium',
        uri: 'spotify:artist:45eNHdiiabvmbp4erw26rg',
        location: [Object] },
     album_resource: 
      { name: 'Ashes',
        uri: 'spotify:album:1aNWsfl6osnt0NO7Kubknx',
        location: [Object] },
     length: 300,
     track_type: 'normal' },
  context: {},
  playing_position: 142.138,
  server_time: 1483983131,
  volume: 0.74999619,
  online: true,
  open_graph_state: { private_session: false, posting_disabled: true },
  running: true }
Current Track:Reverie (feat. King Deco)
is offline?: false
status
{ version: 9,
  client_version: '1.0.45.186.g3b5036d6',
  playing: false,
  shuffle: false,
  repeat: false,
  play_enabled: true,
  prev_enabled: false,
  next_enabled: true,
  track: 
   { track_resource: 
      { name: 'Reverie (feat. King Deco)',
        uri: 'spotify:track:5xBw4KxEiFQwJ27U1Woy9l',
        location: [Object] },
     artist_resource: 
      { name: 'Illenium',
        uri: 'spotify:artist:45eNHdiiabvmbp4erw26rg',
        location: [Object] },
     album_resource: 
      { name: 'Ashes',
        uri: 'spotify:album:1aNWsfl6osnt0NO7Kubknx',
        location: [Object] },
     length: 300,
     track_type: 'normal' },
  context: {},
  playing_position: 142.138,
  server_time: 1483983135,
  volume: 0.74999619,
  online: true,
  open_graph_state: { private_session: false, posting_disabled: true },
  running: true }
Current Track:Reverie (feat. King Deco)
is offline?: false
status
{ version: 9,
  client_version: '1.0.45.186.g3b5036d6',
  playing: false,
  shuffle: false,
  repeat: false,
  play_enabled: true,
  prev_enabled: false,
  next_enabled: true,
  track: 
   { track_resource: 
      { name: 'Reverie (feat. King Deco)',
        uri: 'spotify:track:5xBw4KxEiFQwJ27U1Woy9l',
        location: [Object] },
     artist_resource: 
      { name: 'Illenium',
        uri: 'spotify:artist:45eNHdiiabvmbp4erw26rg',
        location: [Object] },
     album_resource: 
      { name: 'Ashes',
        uri: 'spotify:album:1aNWsfl6osnt0NO7Kubknx',
        location: [Object] },
     length: 300,
     track_type: 'normal' },
  context: {},
  playing_position: 142.138,
  server_time: 1483983142,
  volume: 0.74999619,
  online: true,
  open_graph_state: { private_session: false, posting_disabled: true },
  running: true }
Current Track:Reverie (feat. King Deco)
is offline?: false
status
{ version: 9,
  client_version: '1.0.45.186.g3b5036d6',
  playing: false,
  shuffle: false,
  repeat: false,
  play_enabled: true,
  prev_enabled: false,
  next_enabled: true,
  track: 
   { track_resource: 
      { name: 'Reverie (feat. King Deco)',
        uri: 'spotify:track:5xBw4KxEiFQwJ27U1Woy9l',
        location: [Object] },
     artist_resource: 
      { name: 'Illenium',
        uri: 'spotify:artist:45eNHdiiabvmbp4erw26rg',
        location: [Object] },
     album_resource: 
      { name: 'Ashes',
        uri: 'spotify:album:1aNWsfl6osnt0NO7Kubknx',
        location: [Object] },
     length: 300,
     track_type: 'normal' },
  context: {},
  playing_position: 142.138,
  server_time: 1483983155,
  volume: 0.74999619,
  online: true,
  open_graph_state: { private_session: false, posting_disabled: true },
  running: true }
Current Track:Reverie (feat. King Deco)
is offline?: false
status
{ version: 9,
  client_version: '1.0.45.186.g3b5036d6',
  playing: false,
  shuffle: false,
  repeat: false,
  play_enabled: true,
  prev_enabled: false,
  next_enabled: true,
  track: 
   { track_resource: 
      { name: 'Reverie (feat. King Deco)',
        uri: 'spotify:track:5xBw4KxEiFQwJ27U1Woy9l',
        location: [Object] },
     artist_resource: 
      { name: 'Illenium',
        uri: 'spotify:artist:45eNHdiiabvmbp4erw26rg',
        location: [Object] },
     album_resource: 
      { name: 'Ashes',
        uri: 'spotify:album:1aNWsfl6osnt0NO7Kubknx',
        location: [Object] },
     length: 300,
     track_type: 'normal' },
  context: {},
  playing_position: 142.138,
  server_time: 1483983168,
  volume: 0.74999619,
  online: true,
  open_graph_state: { private_session: false, posting_disabled: true },
  running: true }
Current Track:Reverie (feat. King Deco)
is offline?: false
status
{ version: 9,
  client_version: '1.0.45.186.g3b5036d6',
  playing: false,
  shuffle: false,
  repeat: false,
  play_enabled: true,
  prev_enabled: false,
  next_enabled: true,
  track: 
   { track_resource: 
      { name: 'Reverie (feat. King Deco)',
        uri: 'spotify:track:5xBw4KxEiFQwJ27U1Woy9l',
        location: [Object] },
     artist_resource: 
      { name: 'Illenium',
        uri: 'spotify:artist:45eNHdiiabvmbp4erw26rg',
        location: [Object] },
     album_resource: 
      { name: 'Ashes',
        uri: 'spotify:album:1aNWsfl6osnt0NO7Kubknx',
        location: [Object] },
     length: 300,
     track_type: 'normal' },
  context: {},
  playing_position: 142.138,
  server_time: 1483983180,
  volume: 0.74999619,
  online: true,
  open_graph_state: { private_session: false, posting_disabled: true },
  running: true }
Current Track:Reverie (feat. King Deco)
is offline?: false
status
{ version: 9,
  client_version: '1.0.45.186.g3b5036d6',
  playing: false,
  shuffle: false,
  repeat: false,
  play_enabled: true,
  prev_enabled: false,
  next_enabled: true,
  track: 
   { track_resource: 
      { name: 'Reverie (feat. King Deco)',
        uri: 'spotify:track:5xBw4KxEiFQwJ27U1Woy9l',
        location: [Object] },
     artist_resource: 
      { name: 'Illenium',
        uri: 'spotify:artist:45eNHdiiabvmbp4erw26rg',
        location: [Object] },
     album_resource: 
      { name: 'Ashes',
        uri: 'spotify:album:1aNWsfl6osnt0NO7Kubknx',
        location: [Object] },
     length: 300,
     track_type: 'normal' },
  context: {},
  playing_position: 142.138,
  server_time: 1483983190,
  volume: 0.74999619,
  online: true,
  open_graph_state: { private_session: false, posting_disabled: true },
  running: true }
Current Track:Reverie (feat. King Deco)
is offline?: false
status
{ version: 9,
  client_version: '1.0.45.186.g3b5036d6',
  playing: false,
  shuffle: false,
  repeat: false,
  play_enabled: true,
  prev_enabled: false,
  next_enabled: true,
  track: 
   { track_resource: 
      { name: 'Reverie (feat. King Deco)',
        uri: 'spotify:track:5xBw4KxEiFQwJ27U1Woy9l',
        location: [Object] },
     artist_resource: 
      { name: 'Illenium',
        uri: 'spotify:artist:45eNHdiiabvmbp4erw26rg',
        location: [Object] },
     album_resource: 
      { name: 'Ashes',
        uri: 'spotify:album:1aNWsfl6osnt0NO7Kubknx',
        location: [Object] },
     length: 300,
     track_type: 'normal' },
  context: {},
  playing_position: 142.138,
  server_time: 1483983195,
  volume: 0.74999619,
  online: true,
  open_graph_state: { private_session: false, posting_disabled: true },
  running: true }
Current Track:Reverie (feat. King Deco)
is offline?: false
status
{ version: 9,
  client_version: '1.0.45.186.g3b5036d6',
  playing: false,
  shuffle: false,
  repeat: false,
  play_enabled: true,
  prev_enabled: false,
  next_enabled: true,
  track: 
   { track_resource: 
      { name: 'Reverie (feat. King Deco)',
        uri: 'spotify:track:5xBw4KxEiFQwJ27U1Woy9l',
        location: [Object] },
     artist_resource: 
      { name: 'Illenium',
        uri: 'spotify:artist:45eNHdiiabvmbp4erw26rg',
        location: [Object] },
     album_resource: 
      { name: 'Ashes',
        uri: 'spotify:album:1aNWsfl6osnt0NO7Kubknx',
        location: [Object] },
     length: 300,
     track_type: 'normal' },
  context: {},
  playing_position: 142.138,
  server_time: 1483983204,
  volume: 0.74999619,
  online: true,
  open_graph_state: { private_session: false, posting_disabled: true },
  running: true }
Current Track:Reverie (feat. King Deco)
is offline?: false
status
{ version: 9,
  client_version: '1.0.45.186.g3b5036d6',
  playing: false,
  shuffle: false,
  repeat: false,
  play_enabled: true,
  prev_enabled: false,
  next_enabled: true,
  track: 
   { track_resource: 
      { name: 'Reverie (feat. King Deco)',
        uri: 'spotify:track:5xBw4KxEiFQwJ27U1Woy9l',
        location: [Object] },
     artist_resource: 
      { name: 'Illenium',
        uri: 'spotify:artist:45eNHdiiabvmbp4erw26rg',
        location: [Object] },
     album_resource: 
      { name: 'Ashes',
        uri: 'spotify:album:1aNWsfl6osnt0NO7Kubknx',
        location: [Object] },
     length: 300,
     track_type: 'normal' },
  context: {},
  playing_position: 142.138,
  server_time: 1483983215,
  volume: 0.74999619,
  online: true,
  open_graph_state: { private_session: false, posting_disabled: true },
  running: true }
Current Track:Reverie (feat. King Deco)
is offline?: false
status
{ version: 9,
  client_version: '1.0.45.186.g3b5036d6',
  playing: false,
  shuffle: false,
  repeat: false,
  play_enabled: true,
  prev_enabled: false,
  next_enabled: true,
  track: 
   { track_resource: 
      { name: 'Reverie (feat. King Deco)',
        uri: 'spotify:track:5xBw4KxEiFQwJ27U1Woy9l',
        location: [Object] },
     artist_resource: 
      { name: 'Illenium',
        uri: 'spotify:artist:45eNHdiiabvmbp4erw26rg',
        location: [Object] },
     album_resource: 
      { name: 'Ashes',
        uri: 'spotify:album:1aNWsfl6osnt0NO7Kubknx',
        location: [Object] },
     length: 300,
     track_type: 'normal' },
  context: {},
  playing_position: 142.138,
  server_time: 1483983228,
  volume: 0.74999619,
  online: true,
  open_graph_state: { private_session: false, posting_disabled: true },
  running: true }
Current Track:Reverie (feat. King Deco)
is offline?: false
status
{ version: 9,
  client_version: '1.0.45.186.g3b5036d6',
  playing: false,
  shuffle: false,
  repeat: false,
  play_enabled: true,
  prev_enabled: false,
  next_enabled: true,
  track: 
   { track_resource: 
      { name: 'Reverie (feat. King Deco)',
        uri: 'spotify:track:5xBw4KxEiFQwJ27U1Woy9l',
        location: [Object] },
     artist_resource: 
      { name: 'Illenium',
        uri: 'spotify:artist:45eNHdiiabvmbp4erw26rg',
        location: [Object] },
     album_resource: 
      { name: 'Ashes',
        uri: 'spotify:album:1aNWsfl6osnt0NO7Kubknx',
        location: [Object] },
     length: 300,
     track_type: 'normal' },
  context: {},
  playing_position: 142.138,
  server_time: 1483983239,
  volume: 0.74999619,
  online: true,
  open_graph_state: { private_session: false, posting_disabled: true },
  running: true }
Current Track:Reverie (feat. King Deco)
is offline?: false
status
{ version: 9,
  client_version: '1.0.45.186.g3b5036d6',
  playing: false,
  shuffle: false,
  repeat: false,
  play_enabled: true,
  prev_enabled: false,
  next_enabled: true,
  track: 
   { track_resource: 
      { name: 'Reverie (feat. King Deco)',
        uri: 'spotify:track:5xBw4KxEiFQwJ27U1Woy9l',
        location: [Object] },
     artist_resource: 
      { name: 'Illenium',
        uri: 'spotify:artist:45eNHdiiabvmbp4erw26rg',
        location: [Object] },
     album_resource: 
      { name: 'Ashes',
        uri: 'spotify:album:1aNWsfl6osnt0NO7Kubknx',
        location: [Object] },
     length: 300,
     track_type: 'normal' },
  context: {},
  playing_position: 142.138,
  server_time: 1483983249,
  volume: 0.74999619,
  online: true,
  open_graph_state: { private_session: false, posting_disabled: true },
  running: true }
Current Track:Reverie (feat. King Deco)
is offline?: false
status
{ version: 9,
  client_version: '1.0.45.186.g3b5036d6',
  playing: false,
  shuffle: false,
  repeat: false,
  play_enabled: true,
  prev_enabled: false,
  next_enabled: true,
  track: 
   { track_resource: 
      { name: 'Reverie (feat. King Deco)',
        uri: 'spotify:track:5xBw4KxEiFQwJ27U1Woy9l',
        location: [Object] },
     artist_resource: 
      { name: 'Illenium',
        uri: 'spotify:artist:45eNHdiiabvmbp4erw26rg',
        location: [Object] },
     album_resource: 
      { name: 'Ashes',
        uri: 'spotify:album:1aNWsfl6osnt0NO7Kubknx',
        location: [Object] },
     length: 300,
     track_type: 'normal' },
  context: {},
  playing_position: 142.138,
  server_time: 1483983256,
  volume: 0.74999619,
  online: true,
  open_graph_state: { private_session: false, posting_disabled: true },
  running: true }
Current Track:Reverie (feat. King Deco)
is offline?: false
status
{ version: 9,
  client_version: '1.0.45.186.g3b5036d6',
  playing: false,
  shuffle: false,
  repeat: false,
  play_enabled: true,
  prev_enabled: false,
  next_enabled: true,
  track: 
   { track_resource: 
      { name: 'Reverie (feat. King Deco)',
        uri: 'spotify:track:5xBw4KxEiFQwJ27U1Woy9l',
        location: [Object] },
     artist_resource: 
      { name: 'Illenium',
        uri: 'spotify:artist:45eNHdiiabvmbp4erw26rg',
        location: [Object] },
     album_resource: 
      { name: 'Ashes',
        uri: 'spotify:album:1aNWsfl6osnt0NO7Kubknx',
        location: [Object] },
     length: 300,
     track_type: 'normal' },
  context: {},
  playing_position: 142.138,
  server_time: 1483983261,
  volume: 0.74999619,
  online: true,
  open_graph_state: { private_session: false, posting_disabled: true },
  running: true }
Current Track:Reverie (feat. King Deco)
is offline?: false
status
{ version: 9,
  client_version: '1.0.45.186.g3b5036d6',
  playing: false,
  shuffle: false,
  repeat: false,
  play_enabled: true,
  prev_enabled: false,
  next_enabled: true,
  track: 
   { track_resource: 
      { name: 'Reverie (feat. King Deco)',
        uri: 'spotify:track:5xBw4KxEiFQwJ27U1Woy9l',
        location: [Object] },
     artist_resource: 
      { name: 'Illenium',
        uri: 'spotify:artist:45eNHdiiabvmbp4erw26rg',
        location: [Object] },
     album_resource: 
      { name: 'Ashes',
        uri: 'spotify:album:1aNWsfl6osnt0NO7Kubknx',
        location: [Object] },
     length: 300,
     track_type: 'normal' },
  context: {},
  playing_position: 142.138,
  server_time: 1483983274,
  volume: 0.74999619,
  online: true,
  open_graph_state: { private_session: false, posting_disabled: true },
  running: true }
Current Track:Reverie (feat. King Deco)
is offline?: false
status
{ version: 9,
  client_version: '1.0.45.186.g3b5036d6',
  playing: false,
  shuffle: false,
  repeat: false,
  play_enabled: true,
  prev_enabled: false,
  next_enabled: true,
  track: 
   { track_resource: 
      { name: 'Reverie (feat. King Deco)',
        uri: 'spotify:track:5xBw4KxEiFQwJ27U1Woy9l',
        location: [Object] },
     artist_resource: 
      { name: 'Illenium',
        uri: 'spotify:artist:45eNHdiiabvmbp4erw26rg',
        location: [Object] },
     album_resource: 
      { name: 'Ashes',
        uri: 'spotify:album:1aNWsfl6osnt0NO7Kubknx',
        location: [Object] },
     length: 300,
     track_type: 'normal' },
  context: {},
  playing_position: 142.138,
  server_time: 1483983281,
  volume: 0.74999619,
  online: true,
  open_graph_state: { private_session: false, posting_disabled: true },
  running: true }
Current Track:Reverie (feat. King Deco)
is offline?: false
status
{ version: 9,
  client_version: '1.0.45.186.g3b5036d6',
  playing: false,
  shuffle: false,
  repeat: false,
  play_enabled: true,
  prev_enabled: false,
  next_enabled: true,
  track: 
   { track_resource: 
      { name: 'Reverie (feat. King Deco)',
        uri: 'spotify:track:5xBw4KxEiFQwJ27U1Woy9l',
        location: [Object] },
     artist_resource: 
      { name: 'Illenium',
        uri: 'spotify:artist:45eNHdiiabvmbp4erw26rg',
        location: [Object] },
     album_resource: 
      { name: 'Ashes',
        uri: 'spotify:album:1aNWsfl6osnt0NO7Kubknx',
        location: [Object] },
     length: 300,
     track_type: 'normal' },
  context: {},
  playing_position: 142.138,
  server_time: 1483983286,
  volume: 0.74999619,
  online: true,
  open_graph_state: { private_session: false, posting_disabled: true },
  running: true }
Current Track:Reverie (feat. King Deco)
is offline?: false
status
{ version: 9,
  client_version: '1.0.45.186.g3b5036d6',
  playing: false,
  shuffle: false,
  repeat: false,
  play_enabled: true,
  prev_enabled: false,
  next_enabled: true,
  track: 
   { track_resource: 
      { name: 'Reverie (feat. King Deco)',
        uri: 'spotify:track:5xBw4KxEiFQwJ27U1Woy9l',
        location: [Object] },
     artist_resource: 
      { name: 'Illenium',
        uri: 'spotify:artist:45eNHdiiabvmbp4erw26rg',
        location: [Object] },
     album_resource: 
      { name: 'Ashes',
        uri: 'spotify:album:1aNWsfl6osnt0NO7Kubknx',
        location: [Object] },
     length: 300,
     track_type: 'normal' },
  context: {},
  playing_position: 142.138,
  server_time: 1483983297,
  volume: 0.74999619,
  online: true,
  open_graph_state: { private_session: false, posting_disabled: true },
  running: true }
Current Track:Reverie (feat. King Deco)
is offline?: false
status
{ version: 9,
  client_version: '1.0.45.186.g3b5036d6',
  playing: false,
  shuffle: false,
  repeat: false,
  play_enabled: true,
  prev_enabled: false,
  next_enabled: true,
  track: 
   { track_resource: 
      { name: 'Reverie (feat. King Deco)',
        uri: 'spotify:track:5xBw4KxEiFQwJ27U1Woy9l',
        location: [Object] },
     artist_resource: 
      { name: 'Illenium',
        uri: 'spotify:artist:45eNHdiiabvmbp4erw26rg',
        location: [Object] },
     album_resource: 
      { name: 'Ashes',
        uri: 'spotify:album:1aNWsfl6osnt0NO7Kubknx',
        location: [Object] },
     length: 300,
     track_type: 'normal' },
  context: {},
  playing_position: 142.138,
  server_time: 1483983301,
  volume: 0.74999619,
  online: true,
  open_graph_state: { private_session: false, posting_disabled: true },
  running: true }
Current Track:Reverie (feat. King Deco)
is offline?: false
status
{ version: 9,
  client_version: '1.0.45.186.g3b5036d6',
  playing: false,
  shuffle: false,
  repeat: false,
  play_enabled: true,
  prev_enabled: false,
  next_enabled: true,
  track: 
   { track_resource: 
      { name: 'Reverie (feat. King Deco)',
        uri: 'spotify:track:5xBw4KxEiFQwJ27U1Woy9l',
        location: [Object] },
     artist_resource: 
      { name: 'Illenium',
        uri: 'spotify:artist:45eNHdiiabvmbp4erw26rg',
        location: [Object] },
     album_resource: 
      { name: 'Ashes',
        uri: 'spotify:album:1aNWsfl6osnt0NO7Kubknx',
        location: [Object] },
     length: 300,
     track_type: 'normal' },
  context: {},
  playing_position: 142.138,
  server_time: 1483983306,
  volume: 0.74999619,
  online: true,
  open_graph_state: { private_session: false, posting_disabled: true },
  running: true }
Current Track:Reverie (feat. King Deco)
is offline?: false
status
{ version: 9,
  client_version: '1.0.45.186.g3b5036d6',
  playing: false,
  shuffle: false,
  repeat: false,
  play_enabled: true,
  prev_enabled: false,
  next_enabled: true,
  track: 
   { track_resource: 
      { name: 'Reverie (feat. King Deco)',
        uri: 'spotify:track:5xBw4KxEiFQwJ27U1Woy9l',
        location: [Object] },
     artist_resource: 
      { name: 'Illenium',
        uri: 'spotify:artist:45eNHdiiabvmbp4erw26rg',
        location: [Object] },
     album_resource: 
      { name: 'Ashes',
        uri: 'spotify:album:1aNWsfl6osnt0NO7Kubknx',
        location: [Object] },
     length: 300,
     track_type: 'normal' },
  context: {},
  playing_position: 142.138,
  server_time: 1483983311,
  volume: 0.74999619,
  online: true,
  open_graph_state: { private_session: false, posting_disabled: true },
  running: true }
Current Track:Reverie (feat. King Deco)
is offline?: false
status
{ version: 9,
  client_version: '1.0.45.186.g3b5036d6',
  playing: false,
  shuffle: false,
  repeat: false,
  play_enabled: true,
  prev_enabled: false,
  next_enabled: true,
  track: 
   { track_resource: 
      { name: 'Reverie (feat. King Deco)',
        uri: 'spotify:track:5xBw4KxEiFQwJ27U1Woy9l',
        location: [Object] },
     artist_resource: 
      { name: 'Illenium',
        uri: 'spotify:artist:45eNHdiiabvmbp4erw26rg',
        location: [Object] },
     album_resource: 
      { name: 'Ashes',
        uri: 'spotify:album:1aNWsfl6osnt0NO7Kubknx',
        location: [Object] },
     length: 300,
     track_type: 'normal' },
  context: {},
  playing_position: 142.138,
  server_time: 1483983324,
  volume: 0.74999619,
  online: true,
  open_graph_state: { private_session: false, posting_disabled: true },
  running: true }
Current Track:Reverie (feat. King Deco)
is offline?: false
status
{ version: 9,
  client_version: '1.0.45.186.g3b5036d6',
  playing: false,
  shuffle: false,
  repeat: false,
  play_enabled: true,
  prev_enabled: false,
  next_enabled: true,
  track: 
   { track_resource: 
      { name: 'Reverie (feat. King Deco)',
        uri: 'spotify:track:5xBw4KxEiFQwJ27U1Woy9l',
        location: [Object] },
     artist_resource: 
      { name: 'Illenium',
        uri: 'spotify:artist:45eNHdiiabvmbp4erw26rg',
        location: [Object] },
     album_resource: 
      { name: 'Ashes',
        uri: 'spotify:album:1aNWsfl6osnt0NO7Kubknx',
        location: [Object] },
     length: 300,
     track_type: 'normal' },
  context: {},
  playing_position: 142.138,
  server_time: 1483983329,
  volume: 0.74999619,
  online: true,
  open_graph_state: { private_session: false, posting_disabled: true },
  running: true }
Current Track:Reverie (feat. King Deco)
is offline?: false
status
{ version: 9,
  client_version: '1.0.45.186.g3b5036d6',
  playing: false,
  shuffle: false,
  repeat: false,
  play_enabled: true,
  prev_enabled: false,
  next_enabled: true,
  track: 
   { track_resource: 
      { name: 'Reverie (feat. King Deco)',
        uri: 'spotify:track:5xBw4KxEiFQwJ27U1Woy9l',
        location: [Object] },
     artist_resource: 
      { name: 'Illenium',
        uri: 'spotify:artist:45eNHdiiabvmbp4erw26rg',
        location: [Object] },
     album_resource: 
      { name: 'Ashes',
        uri: 'spotify:album:1aNWsfl6osnt0NO7Kubknx',
        location: [Object] },
     length: 300,
     track_type: 'normal' },
  context: {},
  playing_position: 142.138,
  server_time: 1483983340,
  volume: 0.74999619,
  online: true,
  open_graph_state: { private_session: false, posting_disabled: true },
  running: true }
Current Track:Reverie (feat. King Deco)
is offline?: false
status
{ version: 9,
  client_version: '1.0.45.186.g3b5036d6',
  playing: false,
  shuffle: false,
  repeat: false,
  play_enabled: true,
  prev_enabled: false,
  next_enabled: true,
  track: 
   { track_resource: 
      { name: 'Reverie (feat. King Deco)',
        uri: 'spotify:track:5xBw4KxEiFQwJ27U1Woy9l',
        location: [Object] },
     artist_resource: 
      { name: 'Illenium',
        uri: 'spotify:artist:45eNHdiiabvmbp4erw26rg',
        location: [Object] },
     album_resource: 
      { name: 'Ashes',
        uri: 'spotify:album:1aNWsfl6osnt0NO7Kubknx',
        location: [Object] },
     length: 300,
     track_type: 'normal' },
  context: {},
  playing_position: 142.138,
  server_time: 1483983353,
  volume: 0.74999619,
  online: true,
  open_graph_state: { private_session: false, posting_disabled: true },
  running: true }
Current Track:Reverie (feat. King Deco)
is offline?: false
status
{ version: 9,
  client_version: '1.0.45.186.g3b5036d6',
  playing: false,
  shuffle: false,
  repeat: false,
  play_enabled: true,
  prev_enabled: false,
  next_enabled: true,
  track: 
   { track_resource: 
      { name: 'Reverie (feat. King Deco)',
        uri: 'spotify:track:5xBw4KxEiFQwJ27U1Woy9l',
        location: [Object] },
     artist_resource: 
      { name: 'Illenium',
        uri: 'spotify:artist:45eNHdiiabvmbp4erw26rg',
        location: [Object] },
     album_resource: 
      { name: 'Ashes',
        uri: 'spotify:album:1aNWsfl6osnt0NO7Kubknx',
        location: [Object] },
     length: 300,
     track_type: 'normal' },
  context: {},
  playing_position: 142.138,
  server_time: 1483983361,
  volume: 0.74999619,
  online: true,
  open_graph_state: { private_session: false, posting_disabled: true },
  running: true }
Current Track:Reverie (feat. King Deco)
is offline?: false
status
{ error: { type: '4110', message: 'No user logged in' },
  version: 9,
  client_version: '1.0.45.186.g3b5036d6',
  running: false }
status error
false
is offline?: true
status
{ error: { type: '4110', message: 'No user logged in' },
  version: 9,
  client_version: '1.0.45.186.g3b5036d6',
  running: false }
status error
false
is offline?: true
status
{ error: { type: '4110', message: 'No user logged in' },
  version: 9,
  client_version: '1.0.45.186.g3b5036d6',
  running: false }
status error
false
is offline?: true
status
{ error: { type: '4110', message: 'No user logged in' },
  version: 9,
  client_version: '1.0.45.186.g3b5036d6',
  running: false }
status error
false
is offline?: true
status
{ error: { type: '4110', message: 'No user logged in' },
  version: 9,
  client_version: '1.0.45.186.g3b5036d6',
  running: false }
status error
false
is offline?: true
status
{ version: 9,
  client_version: '1.0.45.186.g3b5036d6',
  playing: false,
  shuffle: false,
  repeat: false,
  play_enabled: true,
  prev_enabled: false,
  next_enabled: true,
  track: 
   { track_resource: 
      { name: 'Reverie (feat. King Deco)',
        uri: 'spotify:track:5xBw4KxEiFQwJ27U1Woy9l',
        location: [Object] },
     artist_resource: 
      { name: 'Illenium',
        uri: 'spotify:artist:45eNHdiiabvmbp4erw26rg',
        location: [Object] },
     album_resource: 
      { name: 'Ashes',
        uri: 'spotify:album:1aNWsfl6osnt0NO7Kubknx',
        location: [Object] },
     length: 300,
     track_type: 'normal' },
  context: {},
  playing_position: 142.138,
  server_time: 1483983386,
  volume: 0.74999619,
  online: true,
  open_graph_state: { private_session: false, posting_disabled: true },
  running: true }
Current Track:Reverie (feat. King Deco)
is offline?: false
status
{ version: 9,
  client_version: '1.0.45.186.g3b5036d6',
  playing: false,
  shuffle: false,
  repeat: false,
  play_enabled: true,
  prev_enabled: false,
  next_enabled: true,
  track: 
   { track_resource: 
      { name: 'Reverie (feat. King Deco)',
        uri: 'spotify:track:5xBw4KxEiFQwJ27U1Woy9l',
        location: [Object] },
     artist_resource: 
      { name: 'Illenium',
        uri: 'spotify:artist:45eNHdiiabvmbp4erw26rg',
        location: [Object] },
     album_resource: 
      { name: 'Ashes',
        uri: 'spotify:album:1aNWsfl6osnt0NO7Kubknx',
        location: [Object] },
     length: 300,
     track_type: 'normal' },
  context: {},
  playing_position: 142.138,
  server_time: 1483983390,
  volume: 0.74999619,
  online: true,
  open_graph_state: { private_session: false, posting_disabled: true },
  running: true }
Current Track:Reverie (feat. King Deco)
is offline?: false
status
{ version: 9,
  client_version: '1.0.45.186.g3b5036d6',
  playing: false,
  shuffle: false,
  repeat: false,
  play_enabled: true,
  prev_enabled: false,
  next_enabled: true,
  track: 
   { track_resource: 
      { name: 'Reverie (feat. King Deco)',
        uri: 'spotify:track:5xBw4KxEiFQwJ27U1Woy9l',
        location: [Object] },
     artist_resource: 
      { name: 'Illenium',
        uri: 'spotify:artist:45eNHdiiabvmbp4erw26rg',
        location: [Object] },
     album_resource: 
      { name: 'Ashes',
        uri: 'spotify:album:1aNWsfl6osnt0NO7Kubknx',
        location: [Object] },
     length: 300,
     track_type: 'normal' },
  context: {},
  playing_position: 142.138,
  server_time: 1483983394,
  volume: 0.74999619,
  online: true,
  open_graph_state: { private_session: false, posting_disabled: true },
  running: true }
Current Track:Reverie (feat. King Deco)
is offline?: false
status
{ version: 9,
  client_version: '1.0.45.186.g3b5036d6',
  playing: false,
  shuffle: false,
  repeat: false,
  play_enabled: true,
  prev_enabled: false,
  next_enabled: true,
  track: 
   { track_resource: 
      { name: 'Reverie (feat. King Deco)',
        uri: 'spotify:track:5xBw4KxEiFQwJ27U1Woy9l',
        location: [Object] },
     artist_resource: 
      { name: 'Illenium',
        uri: 'spotify:artist:45eNHdiiabvmbp4erw26rg',
        location: [Object] },
     album_resource: 
      { name: 'Ashes',
        uri: 'spotify:album:1aNWsfl6osnt0NO7Kubknx',
        location: [Object] },
     length: 300,
     track_type: 'normal' },
  context: {},
  playing_position: 142.138,
  server_time: 1483983398,
  volume: 0.74999619,
  online: true,
  open_graph_state: { private_session: false, posting_disabled: true },
  running: true }
Current Track:Reverie (feat. King Deco)
is offline?: false
status
{ version: 9,
  client_version: '1.0.45.186.g3b5036d6',
  playing: false,
  shuffle: false,
  repeat: false,
  play_enabled: true,
  prev_enabled: false,
  next_enabled: true,
  track: 
   { track_resource: 
      { name: 'Reverie (feat. King Deco)',
        uri: 'spotify:track:5xBw4KxEiFQwJ27U1Woy9l',
        location: [Object] },
     artist_resource: 
      { name: 'Illenium',
        uri: 'spotify:artist:45eNHdiiabvmbp4erw26rg',
        location: [Object] },
     album_resource: 
      { name: 'Ashes',
        uri: 'spotify:album:1aNWsfl6osnt0NO7Kubknx',
        location: [Object] },
     length: 300,
     track_type: 'normal' },
  context: {},
  playing_position: 142.138,
  server_time: 1483983403,
  volume: 0.74999619,
  online: true,
  open_graph_state: { private_session: false, posting_disabled: true },
  running: true }
Current Track:Reverie (feat. King Deco)
is offline?: false
status
{ version: 9,
  client_version: '1.0.45.186.g3b5036d6',
  playing: false,
  shuffle: false,
  repeat: false,
  play_enabled: true,
  prev_enabled: false,
  next_enabled: true,
  track: 
   { track_resource: 
      { name: 'Reverie (feat. King Deco)',
        uri: 'spotify:track:5xBw4KxEiFQwJ27U1Woy9l',
        location: [Object] },
     artist_resource: 
      { name: 'Illenium',
        uri: 'spotify:artist:45eNHdiiabvmbp4erw26rg',
        location: [Object] },
     album_resource: 
      { name: 'Ashes',
        uri: 'spotify:album:1aNWsfl6osnt0NO7Kubknx',
        location: [Object] },
     length: 300,
     track_type: 'normal' },
  context: {},
  playing_position: 142.138,
  server_time: 1483983407,
  volume: 0.74999619,
  online: true,
  open_graph_state: { private_session: false, posting_disabled: true },
  running: true }
Current Track:Reverie (feat. King Deco)
client disconnected
is offline?: false
status
{ version: 9,
  client_version: '1.0.45.186.g3b5036d6',
  playing: false,
  shuffle: false,
  repeat: false,
  play_enabled: true,
  prev_enabled: false,
  next_enabled: true,
  track: 
   { track_resource: 
      { name: 'Reverie (feat. King Deco)',
        uri: 'spotify:track:5xBw4KxEiFQwJ27U1Woy9l',
        location: [Object] },
     artist_resource: 
      { name: 'Illenium',
        uri: 'spotify:artist:45eNHdiiabvmbp4erw26rg',
        location: [Object] },
     album_resource: 
      { name: 'Ashes',
        uri: 'spotify:album:1aNWsfl6osnt0NO7Kubknx',
        location: [Object] },
     length: 300,
     track_type: 'normal' },
  context: {},
  playing_position: 142.138,
  server_time: 1483983411,
  volume: 0.74999619,
  online: true,
  open_graph_state: { private_session: false, posting_disabled: true },
  running: true }
Current Track:Reverie (feat. King Deco)
is offline?: false
status
{ version: 9,
  client_version: '1.0.45.186.g3b5036d6',
  playing: false,
  shuffle: false,
  repeat: false,
  play_enabled: true,
  prev_enabled: false,
  next_enabled: true,
  track: 
   { track_resource: 
      { name: 'Reverie (feat. King Deco)',
        uri: 'spotify:track:5xBw4KxEiFQwJ27U1Woy9l',
        location: [Object] },
     artist_resource: 
      { name: 'Illenium',
        uri: 'spotify:artist:45eNHdiiabvmbp4erw26rg',
        location: [Object] },
     album_resource: 
      { name: 'Ashes',
        uri: 'spotify:album:1aNWsfl6osnt0NO7Kubknx',
        location: [Object] },
     length: 300,
     track_type: 'normal' },
  context: {},
  playing_position: 142.138,
  server_time: 1483983415,
  volume: 0.74999619,
  online: true,
  open_graph_state: { private_session: false, posting_disabled: true },
  running: true }
Current Track:Reverie (feat. King Deco)
is offline?: false
status
{ version: 9,
  client_version: '1.0.45.186.g3b5036d6',
  playing: false,
  shuffle: false,
  repeat: false,
  play_enabled: true,
  prev_enabled: false,
  next_enabled: true,
  track: 
   { track_resource: 
      { name: 'Reverie (feat. King Deco)',
        uri: 'spotify:track:5xBw4KxEiFQwJ27U1Woy9l',
        location: [Object] },
     artist_resource: 
      { name: 'Illenium',
        uri: 'spotify:artist:45eNHdiiabvmbp4erw26rg',
        location: [Object] },
     album_resource: 
      { name: 'Ashes',
        uri: 'spotify:album:1aNWsfl6osnt0NO7Kubknx',
        location: [Object] },
     length: 300,
     track_type: 'normal' },
  context: {},
  playing_position: 142.138,
  server_time: 1483983419,
  volume: 0.74999619,
  online: true,
  open_graph_state: { private_session: false, posting_disabled: true },
  running: true }
Current Track:Reverie (feat. King Deco)
is offline?: false
status
{ version: 9,
  client_version: '1.0.45.186.g3b5036d6',
  playing: false,
  shuffle: false,
  repeat: false,
  play_enabled: true,
  prev_enabled: false,
  next_enabled: true,
  track: 
   { track_resource: 
      { name: 'Reverie (feat. King Deco)',
        uri: 'spotify:track:5xBw4KxEiFQwJ27U1Woy9l',
        location: [Object] },
     artist_resource: 
      { name: 'Illenium',
        uri: 'spotify:artist:45eNHdiiabvmbp4erw26rg',
        location: [Object] },
     album_resource: 
      { name: 'Ashes',
        uri: 'spotify:album:1aNWsfl6osnt0NO7Kubknx',
        location: [Object] },
     length: 300,
     track_type: 'normal' },
  context: {},
  playing_position: 142.138,
  server_time: 1483983423,
  volume: 0.74999619,
  online: true,
  open_graph_state: { private_session: false, posting_disabled: true },
  running: true }
Current Track:Reverie (feat. King Deco)
is offline?: false
status
{ version: 9,
  client_version: '1.0.45.186.g3b5036d6',
  playing: false,
  shuffle: false,
  repeat: false,
  play_enabled: true,
  prev_enabled: false,
  next_enabled: true,
  track: 
   { track_resource: 
      { name: 'Reverie (feat. King Deco)',
        uri: 'spotify:track:5xBw4KxEiFQwJ27U1Woy9l',
        location: [Object] },
     artist_resource: 
      { name: 'Illenium',
        uri: 'spotify:artist:45eNHdiiabvmbp4erw26rg',
        location: [Object] },
     album_resource: 
      { name: 'Ashes',
        uri: 'spotify:album:1aNWsfl6osnt0NO7Kubknx',
        location: [Object] },
     length: 300,
     track_type: 'normal' },
  context: {},
  playing_position: 142.138,
  server_time: 1483983428,
  volume: 0.74999619,
  online: true,
  open_graph_state: { private_session: false, posting_disabled: true },
  running: true }
Current Track:Reverie (feat. King Deco)
is offline?: false
status
{ version: 9,
  client_version: '1.0.45.186.g3b5036d6',
  playing: false,
  shuffle: false,
  repeat: false,
  play_enabled: true,
  prev_enabled: false,
  next_enabled: true,
  track: 
   { track_resource: 
      { name: 'Reverie (feat. King Deco)',
        uri: 'spotify:track:5xBw4KxEiFQwJ27U1Woy9l',
        location: [Object] },
     artist_resource: 
      { name: 'Illenium',
        uri: 'spotify:artist:45eNHdiiabvmbp4erw26rg',
        location: [Object] },
     album_resource: 
      { name: 'Ashes',
        uri: 'spotify:album:1aNWsfl6osnt0NO7Kubknx',
        location: [Object] },
     length: 300,
     track_type: 'normal' },
  context: {},
  playing_position: 142.138,
  server_time: 1483983432,
  volume: 0.74999619,
  online: true,
  open_graph_state: { private_session: false, posting_disabled: true },
  running: true }
Current Track:Reverie (feat. King Deco)
is offline?: false
status
{ version: 9,
  client_version: '1.0.45.186.g3b5036d6',
  playing: false,
  shuffle: false,
  repeat: false,
  play_enabled: true,
  prev_enabled: false,
  next_enabled: true,
  track: 
   { track_resource: 
      { name: 'Reverie (feat. King Deco)',
        uri: 'spotify:track:5xBw4KxEiFQwJ27U1Woy9l',
        location: [Object] },
     artist_resource: 
      { name: 'Illenium',
        uri: 'spotify:artist:45eNHdiiabvmbp4erw26rg',
        location: [Object] },
     album_resource: 
      { name: 'Ashes',
        uri: 'spotify:album:1aNWsfl6osnt0NO7Kubknx',
        location: [Object] },
     length: 300,
     track_type: 'normal' },
  context: {},
  playing_position: 142.138,
  server_time: 1483983436,
  volume: 0.74999619,
  online: true,
  open_graph_state: { private_session: false, posting_disabled: true },
  running: true }
Current Track:Reverie (feat. King Deco)
is offline?: false
status
{ version: 9,
  client_version: '1.0.45.186.g3b5036d6',
  playing: false,
  shuffle: false,
  repeat: false,
  play_enabled: true,
  prev_enabled: false,
  next_enabled: true,
  track: 
   { track_resource: 
      { name: 'Reverie (feat. King Deco)',
        uri: 'spotify:track:5xBw4KxEiFQwJ27U1Woy9l',
        location: [Object] },
     artist_resource: 
      { name: 'Illenium',
        uri: 'spotify:artist:45eNHdiiabvmbp4erw26rg',
        location: [Object] },
     album_resource: 
      { name: 'Ashes',
        uri: 'spotify:album:1aNWsfl6osnt0NO7Kubknx',
        location: [Object] },
     length: 300,
     track_type: 'normal' },
  context: {},
  playing_position: 142.138,
  server_time: 1483983440,
  volume: 0.74999619,
  online: true,
  open_graph_state: { private_session: false, posting_disabled: true },
  running: true }
Current Track:Reverie (feat. King Deco)
is offline?: false
status
{ version: 9,
  client_version: '1.0.45.186.g3b5036d6',
  playing: false,
  shuffle: false,
  repeat: false,
  play_enabled: true,
  prev_enabled: false,
  next_enabled: true,
  track: 
   { track_resource: 
      { name: 'Reverie (feat. King Deco)',
        uri: 'spotify:track:5xBw4KxEiFQwJ27U1Woy9l',
        location: [Object] },
     artist_resource: 
      { name: 'Illenium',
        uri: 'spotify:artist:45eNHdiiabvmbp4erw26rg',
        location: [Object] },
     album_resource: 
      { name: 'Ashes',
        uri: 'spotify:album:1aNWsfl6osnt0NO7Kubknx',
        location: [Object] },
     length: 300,
     track_type: 'normal' },
  context: {},
  playing_position: 142.138,
  server_time: 1483983444,
  volume: 0.74999619,
  online: true,
  open_graph_state: { private_session: false, posting_disabled: true },
  running: true }
Current Track:Reverie (feat. King Deco)
is offline?: false
status
{ version: 9,
  client_version: '1.0.45.186.g3b5036d6',
  playing: false,
  shuffle: false,
  repeat: false,
  play_enabled: true,
  prev_enabled: false,
  next_enabled: true,
  track: 
   { track_resource: 
      { name: 'Reverie (feat. King Deco)',
        uri: 'spotify:track:5xBw4KxEiFQwJ27U1Woy9l',
        location: [Object] },
     artist_resource: 
      { name: 'Illenium',
        uri: 'spotify:artist:45eNHdiiabvmbp4erw26rg',
        location: [Object] },
     album_resource: 
      { name: 'Ashes',
        uri: 'spotify:album:1aNWsfl6osnt0NO7Kubknx',
        location: [Object] },
     length: 300,
     track_type: 'normal' },
  context: {},
  playing_position: 142.138,
  server_time: 1483983448,
  volume: 0.74999619,
  online: true,
  open_graph_state: { private_session: false, posting_disabled: true },
  running: true }
Current Track:Reverie (feat. King Deco)
is offline?: false
status
{ version: 9,
  client_version: '1.0.45.186.g3b5036d6',
  playing: false,
  shuffle: false,
  repeat: false,
  play_enabled: true,
  prev_enabled: false,
  next_enabled: true,
  track: 
   { track_resource: 
      { name: 'Reverie (feat. King Deco)',
        uri: 'spotify:track:5xBw4KxEiFQwJ27U1Woy9l',
        location: [Object] },
     artist_resource: 
      { name: 'Illenium',
        uri: 'spotify:artist:45eNHdiiabvmbp4erw26rg',
        location: [Object] },
     album_resource: 
      { name: 'Ashes',
        uri: 'spotify:album:1aNWsfl6osnt0NO7Kubknx',
        location: [Object] },
     length: 300,
     track_type: 'normal' },
  context: {},
  playing_position: 142.138,
  server_time: 1483983452,
  volume: 0.74999619,
  online: true,
  open_graph_state: { private_session: false, posting_disabled: true },
  running: true }
Current Track:Reverie (feat. King Deco)
is offline?: false
status
{ version: 9,
  client_version: '1.0.45.186.g3b5036d6',
  playing: false,
  shuffle: false,
  repeat: false,
  play_enabled: true,
  prev_enabled: false,
  next_enabled: true,
  track: 
   { track_resource: 
      { name: 'Reverie (feat. King Deco)',
        uri: 'spotify:track:5xBw4KxEiFQwJ27U1Woy9l',
        location: [Object] },
     artist_resource: 
      { name: 'Illenium',
        uri: 'spotify:artist:45eNHdiiabvmbp4erw26rg',
        location: [Object] },
     album_resource: 
      { name: 'Ashes',
        uri: 'spotify:album:1aNWsfl6osnt0NO7Kubknx',
        location: [Object] },
     length: 300,
     track_type: 'normal' },
  context: {},
  playing_position: 142.138,
  server_time: 1483983457,
  volume: 0.74999619,
  online: true,
  open_graph_state: { private_session: false, posting_disabled: true },
  running: true }
Current Track:Reverie (feat. King Deco)
is offline?: false
status
{ version: 9,
  client_version: '1.0.45.186.g3b5036d6',
  playing: false,
  shuffle: false,
  repeat: false,
  play_enabled: true,
  prev_enabled: false,
  next_enabled: true,
  track: 
   { track_resource: 
      { name: 'Reverie (feat. King Deco)',
        uri: 'spotify:track:5xBw4KxEiFQwJ27U1Woy9l',
        location: [Object] },
     artist_resource: 
      { name: 'Illenium',
        uri: 'spotify:artist:45eNHdiiabvmbp4erw26rg',
        location: [Object] },
     album_resource: 
      { name: 'Ashes',
        uri: 'spotify:album:1aNWsfl6osnt0NO7Kubknx',
        location: [Object] },
     length: 300,
     track_type: 'normal' },
  context: {},
  playing_position: 142.138,
  server_time: 1483983461,
  volume: 0.74999619,
  online: true,
  open_graph_state: { private_session: false, posting_disabled: true },
  running: true }
Current Track:Reverie (feat. King Deco)
is offline?: false
status
{ version: 9,
  client_version: '1.0.45.186.g3b5036d6',
  playing: false,
  shuffle: false,
  repeat: false,
  play_enabled: true,
  prev_enabled: false,
  next_enabled: true,
  track: 
   { track_resource: 
      { name: 'Reverie (feat. King Deco)',
        uri: 'spotify:track:5xBw4KxEiFQwJ27U1Woy9l',
        location: [Object] },
     artist_resource: 
      { name: 'Illenium',
        uri: 'spotify:artist:45eNHdiiabvmbp4erw26rg',
        location: [Object] },
     album_resource: 
      { name: 'Ashes',
        uri: 'spotify:album:1aNWsfl6osnt0NO7Kubknx',
        location: [Object] },
     length: 300,
     track_type: 'normal' },
  context: {},
  playing_position: 142.138,
  server_time: 1483983465,
  volume: 0.74999619,
  online: true,
  open_graph_state: { private_session: false, posting_disabled: true },
  running: true }
Current Track:Reverie (feat. King Deco)
is offline?: false
status
{ version: 9,
  client_version: '1.0.45.186.g3b5036d6',
  playing: false,
  shuffle: false,
  repeat: false,
  play_enabled: true,
  prev_enabled: false,
  next_enabled: true,
  track: 
   { track_resource: 
      { name: 'Reverie (feat. King Deco)',
        uri: 'spotify:track:5xBw4KxEiFQwJ27U1Woy9l',
        location: [Object] },
     artist_resource: 
      { name: 'Illenium',
        uri: 'spotify:artist:45eNHdiiabvmbp4erw26rg',
        location: [Object] },
     album_resource: 
      { name: 'Ashes',
        uri: 'spotify:album:1aNWsfl6osnt0NO7Kubknx',
        location: [Object] },
     length: 300,
     track_type: 'normal' },
  context: {},
  playing_position: 142.138,
  server_time: 1483983469,
  volume: 0.74999619,
  online: true,
  open_graph_state: { private_session: false, posting_disabled: true },
  running: true }
Current Track:Reverie (feat. King Deco)
is offline?: false
status
{ version: 9,
  client_version: '1.0.45.186.g3b5036d6',
  playing: false,
  shuffle: false,
  repeat: false,
  play_enabled: true,
  prev_enabled: false,
  next_enabled: true,
  track: 
   { track_resource: 
      { name: 'Reverie (feat. King Deco)',
        uri: 'spotify:track:5xBw4KxEiFQwJ27U1Woy9l',
        location: [Object] },
     artist_resource: 
      { name: 'Illenium',
        uri: 'spotify:artist:45eNHdiiabvmbp4erw26rg',
        location: [Object] },
     album_resource: 
      { name: 'Ashes',
        uri: 'spotify:album:1aNWsfl6osnt0NO7Kubknx',
        location: [Object] },
     length: 300,
     track_type: 'normal' },
  context: {},
  playing_position: 142.138,
  server_time: 1483983477,
  volume: 0.74999619,
  online: true,
  open_graph_state: { private_session: false, posting_disabled: true },
  running: true }
Current Track:Reverie (feat. King Deco)
is offline?: false
status
{ version: 9,
  client_version: '1.0.45.186.g3b5036d6',
  playing: false,
  shuffle: false,
  repeat: false,
  play_enabled: true,
  prev_enabled: false,
  next_enabled: true,
  track: 
   { track_resource: 
      { name: 'Reverie (feat. King Deco)',
        uri: 'spotify:track:5xBw4KxEiFQwJ27U1Woy9l',
        location: [Object] },
     artist_resource: 
      { name: 'Illenium',
        uri: 'spotify:artist:45eNHdiiabvmbp4erw26rg',
        location: [Object] },
     album_resource: 
      { name: 'Ashes',
        uri: 'spotify:album:1aNWsfl6osnt0NO7Kubknx',
        location: [Object] },
     length: 300,
     track_type: 'normal' },
  context: {},
  playing_position: 142.138,
  server_time: 1483983481,
  volume: 0.74999619,
  online: true,
  open_graph_state: { private_session: false, posting_disabled: true },
  running: true }
Current Track:Reverie (feat. King Deco)
is offline?: false
status
{ version: 9,
  client_version: '1.0.45.186.g3b5036d6',
  playing: false,
  shuffle: false,
  repeat: false,
  play_enabled: true,
  prev_enabled: false,
  next_enabled: true,
  track: 
   { track_resource: 
      { name: 'Reverie (feat. King Deco)',
        uri: 'spotify:track:5xBw4KxEiFQwJ27U1Woy9l',
        location: [Object] },
     artist_resource: 
      { name: 'Illenium',
        uri: 'spotify:artist:45eNHdiiabvmbp4erw26rg',
        location: [Object] },
     album_resource: 
      { name: 'Ashes',
        uri: 'spotify:album:1aNWsfl6osnt0NO7Kubknx',
        location: [Object] },
     length: 300,
     track_type: 'normal' },
  context: {},
  playing_position: 142.138,
  server_time: 1483983486,
  volume: 0.74999619,
  online: true,
  open_graph_state: { private_session: false, posting_disabled: true },
  running: true }
Current Track:Reverie (feat. King Deco)
is offline?: false
status
{ version: 9,
  client_version: '1.0.45.186.g3b5036d6',
  playing: false,
  shuffle: false,
  repeat: false,
  play_enabled: true,
  prev_enabled: false,
  next_enabled: true,
  track: 
   { track_resource: 
      { name: 'Reverie (feat. King Deco)',
        uri: 'spotify:track:5xBw4KxEiFQwJ27U1Woy9l',
        location: [Object] },
     artist_resource: 
      { name: 'Illenium',
        uri: 'spotify:artist:45eNHdiiabvmbp4erw26rg',
        location: [Object] },
     album_resource: 
      { name: 'Ashes',
        uri: 'spotify:album:1aNWsfl6osnt0NO7Kubknx',
        location: [Object] },
     length: 300,
     track_type: 'normal' },
  context: {},
  playing_position: 142.138,
  server_time: 1483983490,
  volume: 0.74999619,
  online: true,
  open_graph_state: { private_session: false, posting_disabled: true },
  running: true }
Current Track:Reverie (feat. King Deco)
is offline?: false
status
{ version: 9,
  client_version: '1.0.45.186.g3b5036d6',
  playing: false,
  shuffle: false,
  repeat: false,
  play_enabled: true,
  prev_enabled: false,
  next_enabled: true,
  track: 
   { track_resource: 
      { name: 'Reverie (feat. King Deco)',
        uri: 'spotify:track:5xBw4KxEiFQwJ27U1Woy9l',
        location: [Object] },
     artist_resource: 
      { name: 'Illenium',
        uri: 'spotify:artist:45eNHdiiabvmbp4erw26rg',
        location: [Object] },
     album_resource: 
      { name: 'Ashes',
        uri: 'spotify:album:1aNWsfl6osnt0NO7Kubknx',
        location: [Object] },
     length: 300,
     track_type: 'normal' },
  context: {},
  playing_position: 142.138,
  server_time: 1483983494,
  volume: 0.74999619,
  online: true,
  open_graph_state: { private_session: false, posting_disabled: true },
  running: true }
Current Track:Reverie (feat. King Deco)
is offline?: false
status
{ version: 9,
  client_version: '1.0.45.186.g3b5036d6',
  playing: false,
  shuffle: false,
  repeat: false,
  play_enabled: true,
  prev_enabled: false,
  next_enabled: true,
  track: 
   { track_resource: 
      { name: 'Reverie (feat. King Deco)',
        uri: 'spotify:track:5xBw4KxEiFQwJ27U1Woy9l',
        location: [Object] },
     artist_resource: 
      { name: 'Illenium',
        uri: 'spotify:artist:45eNHdiiabvmbp4erw26rg',
        location: [Object] },
     album_resource: 
      { name: 'Ashes',
        uri: 'spotify:album:1aNWsfl6osnt0NO7Kubknx',
        location: [Object] },
     length: 300,
     track_type: 'normal' },
  context: {},
  playing_position: 142.138,
  server_time: 1483983498,
  volume: 0.74999619,
  online: true,
  open_graph_state: { private_session: false, posting_disabled: true },
  running: true }
Current Track:Reverie (feat. King Deco)
is offline?: false
status
{ version: 9,
  client_version: '1.0.45.186.g3b5036d6',
  playing: false,
  shuffle: false,
  repeat: false,
  play_enabled: true,
  prev_enabled: false,
  next_enabled: true,
  track: 
   { track_resource: 
      { name: 'Reverie (feat. King Deco)',
        uri: 'spotify:track:5xBw4KxEiFQwJ27U1Woy9l',
        location: [Object] },
     artist_resource: 
      { name: 'Illenium',
        uri: 'spotify:artist:45eNHdiiabvmbp4erw26rg',
        location: [Object] },
     album_resource: 
      { name: 'Ashes',
        uri: 'spotify:album:1aNWsfl6osnt0NO7Kubknx',
        location: [Object] },
     length: 300,
     track_type: 'normal' },
  context: {},
  playing_position: 142.138,
  server_time: 1483983502,
  volume: 0.74999619,
  online: true,
  open_graph_state: { private_session: false, posting_disabled: true },
  running: true }
Current Track:Reverie (feat. King Deco)
is offline?: false
status
{ version: 9,
  client_version: '1.0.45.186.g3b5036d6',
  playing: false,
  shuffle: false,
  repeat: false,
  play_enabled: true,
  prev_enabled: false,
  next_enabled: true,
  track: 
   { track_resource: 
      { name: 'Reverie (feat. King Deco)',
        uri: 'spotify:track:5xBw4KxEiFQwJ27U1Woy9l',
        location: [Object] },
     artist_resource: 
      { name: 'Illenium',
        uri: 'spotify:artist:45eNHdiiabvmbp4erw26rg',
        location: [Object] },
     album_resource: 
      { name: 'Ashes',
        uri: 'spotify:album:1aNWsfl6osnt0NO7Kubknx',
        location: [Object] },
     length: 300,
     track_type: 'normal' },
  context: {},
  playing_position: 142.138,
  server_time: 1483983513,
  volume: 0.74999619,
  online: true,
  open_graph_state: { private_session: false, posting_disabled: true },
  running: true }
Current Track:Reverie (feat. King Deco)
